[Info  - 1:45:28 am] Initialising intelephense 1.7.1
[Info  - 1:45:28 am] Initialised in 11 ms
[Info  - 1:45:28 am] Environment changed. Refreshing 1 in memory documents.
[Info  - 1:45:28 am] Indexing started.
[Info  - 1:45:31 am] Indexing ended. 315 files indexed in 2s.
[Info  - 1:45:31 am] Writing state to /opt/lampp/htdocs/capstone/Richworld-Giftshop/~/.vscode-root/User/workspaceStorage/c4a65d247d2bcde000ad9faa1dbe4f80/bmewburn.vscode-intelephense-client/67bacbb6.
[Info  - 1:45:31 am] Wrote state in 0.2s.
[Info  - 1:52:34 am] Indexing started.
[Warn  - 1:52:34 am] Error: ENOENT: no such file or directory, open '/opt/lampp/htdocs/capstone/Richworld-Giftshop/vendor/composer/03a1718e/PHPMailer-PHPMailer-dd803df/get_oauth_token.php'
[Info  - 1:52:34 am] Indexing ended. 61 files indexed in 0s.
[Warn  - 1:55:34 am] Error: ENOENT: no such file or directory, open '/opt/lampp/htdocs/capstone/Richworld-Giftshop/phpmailer/vendor/phpmailer/phpmailer/src/PHPMailer.php'
[Warn  - 1:55:34 am] Error: ENOENT: no such file or directory, open '/opt/lampp/htdocs/capstone/Richworld-Giftshop/phpmailer/vendor/phpmailer/phpmailer/src/PHPMailer.php'
[Warn  - 1:56:15 am] Error: ENOENT: no such file or directory, open '/opt/lampp/htdocs/capstone/Richworld-Giftshop/phpmailer/vendor/phpmailer/phpmailer/src/PHPMailer.php'
[Warn  - 1:56:16 am] Error: ENOENT: no such file or directory, open '/opt/lampp/htdocs/capstone/Richworld-Giftshop/phpmailer/vendor/phpmailer/phpmailer/src/PHPMailer.php'
[Warn  - 1:56:31 am] Error: ENOENT: no such file or directory, open '/opt/lampp/htdocs/capstone/Richworld-Giftshop/phpmailer/vendor/phpmailer/phpmailer/src/PHPMailer.php'
[Warn  - 1:56:31 am] Error: ENOENT: no such file or directory, open '/opt/lampp/htdocs/capstone/Richworld-Giftshop/phpmailer/vendor/phpmailer/phpmailer/src/PHPMailer.php'
[Warn  - 1:56:33 am] Error: ENOENT: no such file or directory, open '/opt/lampp/htdocs/capstone/Richworld-Giftshop/phpmailer/vendor/phpmailer/phpmailer/src/PHPMailer.php'
[Warn  - 1:56:33 am] Error: ENOENT: no such file or directory, open '/opt/lampp/htdocs/capstone/Richworld-Giftshop/phpmailer/vendor/phpmailer/phpmailer/src/PHPMailer.php'
[Warn  - 1:56:43 am] Error: ENOENT: no such file or directory, open '/opt/lampp/htdocs/capstone/Richworld-Giftshop/phpmailer/vendor/phpmailer/phpmailer/src/PHPMailer.php'
[Warn  - 1:56:43 am] Error: ENOENT: no such file or directory, open '/opt/lampp/htdocs/capstone/Richworld-Giftshop/phpmailer/vendor/phpmailer/phpmailer/src/PHPMailer.php'
[Warn  - 1:56:47 am] Error: ENOENT: no such file or directory, open '/opt/lampp/htdocs/capstone/Richworld-Giftshop/phpmailer/vendor/phpmailer/phpmailer/src/PHPMailer.php'
[Warn  - 1:56:47 am] Error: ENOENT: no such file or directory, open '/opt/lampp/htdocs/capstone/Richworld-Giftshop/phpmailer/vendor/phpmailer/phpmailer/src/PHPMailer.php'
[Warn  - 1:56:49 am] Error: ENOENT: no such file or directory, open '/opt/lampp/htdocs/capstone/Richworld-Giftshop/phpmailer/vendor/phpmailer/phpmailer/src/PHPMailer.php'
[Warn  - 1:56:49 am] Error: ENOENT: no such file or directory, open '/opt/lampp/htdocs/capstone/Richworld-Giftshop/phpmailer/vendor/phpmailer/phpmailer/src/PHPMailer.php'
[Warn  - 1:57:07 am] Error: ENOENT: no such file or directory, open '/opt/lampp/htdocs/capstone/Richworld-Giftshop/phpmailer/vendor/phpmailer/phpmailer/src/PHPMailer.php'
[Warn  - 1:57:07 am] Error: ENOENT: no such file or directory, open '/opt/lampp/htdocs/capstone/Richworld-Giftshop/phpmailer/vendor/phpmailer/phpmailer/src/PHPMailer.php'
[Warn  - 1:57:10 am] Error: ENOENT: no such file or directory, open '/opt/lampp/htdocs/capstone/Richworld-Giftshop/phpmailer/vendor/phpmailer/phpmailer/src/Exception.php'
[Warn  - 1:57:14 am] Error: ENOENT: no such file or directory, open '/opt/lampp/htdocs/capstone/Richworld-Giftshop/phpmailer/vendor/phpmailer/phpmailer/src/PHPMailer.php'
[Warn  - 1:57:14 am] Error: ENOENT: no such file or directory, open '/opt/lampp/htdocs/capstone/Richworld-Giftshop/phpmailer/vendor/phpmailer/phpmailer/src/PHPMailer.php'
[Warn  - 1:57:24 am] Error: ENOENT: no such file or directory, open '/opt/lampp/htdocs/capstone/Richworld-Giftshop/phpmailer/vendor/phpmailer/phpmailer/src/PHPMailer.php'
[Warn  - 1:57:24 am] Error: ENOENT: no such file or directory, open '/opt/lampp/htdocs/capstone/Richworld-Giftshop/phpmailer/vendor/phpmailer/phpmailer/src/PHPMailer.php'
[Warn  - 1:57:24 am] Error: ENOENT: no such file or directory, open '/opt/lampp/htdocs/capstone/Richworld-Giftshop/phpmailer/vendor/phpmailer/phpmailer/src/PHPMailer.php'
[Warn  - 1:57:24 am] Error: ENOENT: no such file or directory, open '/opt/lampp/htdocs/capstone/Richworld-Giftshop/phpmailer/vendor/phpmailer/phpmailer/src/PHPMailer.php'
[Warn  - 1:57:26 am] Error: ENOENT: no such file or directory, open '/opt/lampp/htdocs/capstone/Richworld-Giftshop/phpmailer/vendor/phpmailer/phpmailer/src/PHPMailer.php'
[Warn  - 1:57:26 am] Error: ENOENT: no such file or directory, open '/opt/lampp/htdocs/capstone/Richworld-Giftshop/phpmailer/vendor/phpmailer/phpmailer/src/PHPMailer.php'
[Warn  - 1:57:26 am] Error: ENOENT: no such file or directory, open '/opt/lampp/htdocs/capstone/Richworld-Giftshop/phpmailer/vendor/phpmailer/phpmailer/src/PHPMailer.php'
[Warn  - 1:57:26 am] Error: ENOENT: no such file or directory, open '/opt/lampp/htdocs/capstone/Richworld-Giftshop/phpmailer/vendor/phpmailer/phpmailer/src/PHPMailer.php'
[Warn  - 1:57:30 am] Error: ENOENT: no such file or directory, open '/opt/lampp/htdocs/capstone/Richworld-Giftshop/phpmailer/vendor/phpmailer/phpmailer/src/PHPMailer.php'
[Warn  - 1:57:30 am] Error: ENOENT: no such file or directory, open '/opt/lampp/htdocs/capstone/Richworld-Giftshop/phpmailer/vendor/phpmailer/phpmailer/src/PHPMailer.php'
[Warn  - 1:57:30 am] Error: ENOENT: no such file or directory, open '/opt/lampp/htdocs/capstone/Richworld-Giftshop/phpmailer/vendor/phpmailer/phpmailer/src/PHPMailer.php'
[Warn  - 1:57:30 am] Error: ENOENT: no such file or directory, open '/opt/lampp/htdocs/capstone/Richworld-Giftshop/phpmailer/vendor/phpmailer/phpmailer/src/PHPMailer.php'
[Warn  - 1:57:32 am] Error: ENOENT: no such file or directory, open '/opt/lampp/htdocs/capstone/Richworld-Giftshop/phpmailer/vendor/phpmailer/phpmailer/src/PHPMailer.php'
[Warn  - 1:57:32 am] Error: ENOENT: no such file or directory, open '/opt/lampp/htdocs/capstone/Richworld-Giftshop/phpmailer/vendor/phpmailer/phpmailer/src/PHPMailer.php'
[Warn  - 1:57:32 am] Error: ENOENT: no such file or directory, open '/opt/lampp/htdocs/capstone/Richworld-Giftshop/phpmailer/vendor/phpmailer/phpmailer/src/PHPMailer.php'
[Warn  - 1:57:32 am] Error: ENOENT: no such file or directory, open '/opt/lampp/htdocs/capstone/Richworld-Giftshop/phpmailer/vendor/phpmailer/phpmailer/src/PHPMailer.php'
[Warn  - 1:58:27 am] Error: ENOENT: no such file or directory, open '/opt/lampp/htdocs/capstone/Richworld-Giftshop/phpmailer/vendor/phpmailer/phpmailer/src/PHPMailer.php'
[Warn  - 1:58:27 am] Error: ENOENT: no such file or directory, open '/opt/lampp/htdocs/capstone/Richworld-Giftshop/phpmailer/vendor/phpmailer/phpmailer/src/PHPMailer.php'
[Warn  - 1:58:29 am] Error: ENOENT: no such file or directory, open '/opt/lampp/htdocs/capstone/Richworld-Giftshop/phpmailer/vendor/phpmailer/phpmailer/src/PHPMailer.php'
[Warn  - 1:58:29 am] Error: ENOENT: no such file or directory, open '/opt/lampp/htdocs/capstone/Richworld-Giftshop/phpmailer/vendor/phpmailer/phpmailer/src/PHPMailer.php'
[Warn  - 1:58:42 am] Error: ENOENT: no such file or directory, open '/opt/lampp/htdocs/capstone/Richworld-Giftshop/phpmailer/vendor/phpmailer/phpmailer/src/PHPMailer.php'
[Warn  - 1:58:42 am] Error: ENOENT: no such file or directory, open '/opt/lampp/htdocs/capstone/Richworld-Giftshop/phpmailer/vendor/phpmailer/phpmailer/src/PHPMailer.php'
[Warn  - 1:58:59 am] Error: ENOENT: no such file or directory, open '/opt/lampp/htdocs/capstone/Richworld-Giftshop/phpmailer/vendor/phpmailer/phpmailer/src/PHPMailer.php'
[Info  - 1:59:33 am] Indexing started.
[Info  - 1:59:33 am] Indexing ended. 1 files indexed in 0s.
[Warn  - 1:59:54 am] Error: ENOENT: no such file or directory, open '/opt/lampp/htdocs/capstone/Richworld-Giftshop/phpmailer/vendor/phpmailer/phpmailer/src/PHPMailer.php'
[Warn  - 1:59:54 am] Error: ENOENT: no such file or directory, open '/opt/lampp/htdocs/capstone/Richworld-Giftshop/phpmailer/vendor/phpmailer/phpmailer/src/PHPMailer.php'
[Warn  - 1:59:55 am] Error: ENOENT: no such file or directory, open '/opt/lampp/htdocs/capstone/Richworld-Giftshop/phpmailer/vendor/phpmailer/phpmailer/src/PHPMailer.php'
[Warn  - 2:00:14 am] Error: ENOENT: no such file or directory, open '/opt/lampp/htdocs/capstone/Richworld-Giftshop/phpmailer/vendor/phpmailer/phpmailer/src/PHPMailer.php'
[Warn  - 2:00:14 am] Error: ENOENT: no such file or directory, open '/opt/lampp/htdocs/capstone/Richworld-Giftshop/phpmailer/vendor/phpmailer/phpmailer/src/PHPMailer.php'
[Warn  - 2:00:14 am] Error: ENOENT: no such file or directory, open '/opt/lampp/htdocs/capstone/Richworld-Giftshop/phpmailer/vendor/phpmailer/phpmailer/src/PHPMailer.php'
[Warn  - 2:00:14 am] Error: ENOENT: no such file or directory, open '/opt/lampp/htdocs/capstone/Richworld-Giftshop/phpmailer/vendor/phpmailer/phpmailer/src/PHPMailer.php'
[Warn  - 2:00:15 am] Error: ENOENT: no such file or directory, open '/opt/lampp/htdocs/capstone/Richworld-Giftshop/phpmailer/vendor/phpmailer/phpmailer/src/PHPMailer.php'
[Warn  - 2:00:15 am] Error: ENOENT: no such file or directory, open '/opt/lampp/htdocs/capstone/Richworld-Giftshop/phpmailer/vendor/phpmailer/phpmailer/src/PHPMailer.php'
[Warn  - 2:00:28 am] Error: ENOENT: no such file or directory, open '/opt/lampp/htdocs/capstone/Richworld-Giftshop/phpmailer/vendor/phpmailer/phpmailer/src/PHPMailer.php'
[Warn  - 2:00:28 am] Error: ENOENT: no such file or directory, open '/opt/lampp/htdocs/capstone/Richworld-Giftshop/phpmailer/vendor/phpmailer/phpmailer/src/PHPMailer.php'
[Warn  - 2:00:28 am] Error: ENOENT: no such file or directory, open '/opt/lampp/htdocs/capstone/Richworld-Giftshop/phpmailer/vendor/phpmailer/phpmailer/src/PHPMailer.php'
[Warn  - 2:00:28 am] Error: ENOENT: no such file or directory, open '/opt/lampp/htdocs/capstone/Richworld-Giftshop/phpmailer/vendor/phpmailer/phpmailer/src/PHPMailer.php'
[Warn  - 2:00:32 am] Error: ENOENT: no such file or directory, open '/opt/lampp/htdocs/capstone/Richworld-Giftshop/phpmailer/vendor/phpmailer/phpmailer/src/PHPMailer.php'
[Warn  - 2:00:32 am] Error: ENOENT: no such file or directory, open '/opt/lampp/htdocs/capstone/Richworld-Giftshop/phpmailer/vendor/phpmailer/phpmailer/src/PHPMailer.php'
[Warn  - 2:00:36 am] Error: ENOENT: no such file or directory, open '/opt/lampp/htdocs/capstone/Richworld-Giftshop/phpmailer/vendor/phpmailer/phpmailer/src/PHPMailer.php'
[Warn  - 2:00:36 am] Error: ENOENT: no such file or directory, open '/opt/lampp/htdocs/capstone/Richworld-Giftshop/phpmailer/vendor/phpmailer/phpmailer/src/PHPMailer.php'
[Warn  - 2:00:58 am] Error: ENOENT: no such file or directory, open '/opt/lampp/htdocs/capstone/Richworld-Giftshop/phpmailer/vendor/phpmailer/phpmailer/src/PHPMailer.php'
[Warn  - 2:00:58 am] Error: ENOENT: no such file or directory, open '/opt/lampp/htdocs/capstone/Richworld-Giftshop/phpmailer/vendor/phpmailer/phpmailer/src/PHPMailer.php'
[Warn  - 2:00:59 am] Error: ENOENT: no such file or directory, open '/opt/lampp/htdocs/capstone/Richworld-Giftshop/phpmailer/vendor/phpmailer/phpmailer/src/PHPMailer.php'
[Warn  - 2:00:59 am] Error: ENOENT: no such file or directory, open '/opt/lampp/htdocs/capstone/Richworld-Giftshop/phpmailer/vendor/phpmailer/phpmailer/src/PHPMailer.php'
[Warn  - 2:01:07 am] Error: ENOENT: no such file or directory, open '/opt/lampp/htdocs/capstone/Richworld-Giftshop/phpmailer/vendor/phpmailer/phpmailer/src/PHPMailer.php'
[Warn  - 2:01:07 am] Error: ENOENT: no such file or directory, open '/opt/lampp/htdocs/capstone/Richworld-Giftshop/phpmailer/vendor/phpmailer/phpmailer/src/PHPMailer.php'
[Warn  - 2:01:08 am] Error: ENOENT: no such file or directory, open '/opt/lampp/htdocs/capstone/Richworld-Giftshop/phpmailer/vendor/phpmailer/phpmailer/src/PHPMailer.php'
[Warn  - 2:01:08 am] Error: ENOENT: no such file or directory, open '/opt/lampp/htdocs/capstone/Richworld-Giftshop/phpmailer/vendor/phpmailer/phpmailer/src/PHPMailer.php'
[Warn  - 2:01:10 am] Error: ENOENT: no such file or directory, open '/opt/lampp/htdocs/capstone/Richworld-Giftshop/phpmailer/vendor/phpmailer/phpmailer/src/PHPMailer.php'
[Warn  - 2:01:10 am] Error: ENOENT: no such file or directory, open '/opt/lampp/htdocs/capstone/Richworld-Giftshop/phpmailer/vendor/phpmailer/phpmailer/src/PHPMailer.php'
[Warn  - 2:01:10 am] Error: ENOENT: no such file or directory, open '/opt/lampp/htdocs/capstone/Richworld-Giftshop/phpmailer/vendor/phpmailer/phpmailer/src/PHPMailer.php'
[Warn  - 2:01:10 am] Error: ENOENT: no such file or directory, open '/opt/lampp/htdocs/capstone/Richworld-Giftshop/phpmailer/vendor/phpmailer/phpmailer/src/PHPMailer.php'
[Warn  - 2:01:11 am] Error: ENOENT: no such file or directory, open '/opt/lampp/htdocs/capstone/Richworld-Giftshop/phpmailer/vendor/phpmailer/phpmailer/src/PHPMailer.php'
[Warn  - 2:01:11 am] Error: ENOENT: no such file or directory, open '/opt/lampp/htdocs/capstone/Richworld-Giftshop/phpmailer/vendor/phpmailer/phpmailer/src/PHPMailer.php'
[Warn  - 2:01:11 am] Error: ENOENT: no such file or directory, open '/opt/lampp/htdocs/capstone/Richworld-Giftshop/phpmailer/vendor/phpmailer/phpmailer/src/PHPMailer.php'
[Warn  - 2:01:11 am] Error: ENOENT: no such file or directory, open '/opt/lampp/htdocs/capstone/Richworld-Giftshop/phpmailer/vendor/phpmailer/phpmailer/src/PHPMailer.php'
[Warn  - 2:01:12 am] Error: ENOENT: no such file or directory, open '/opt/lampp/htdocs/capstone/Richworld-Giftshop/phpmailer/vendor/phpmailer/phpmailer/src/PHPMailer.php'
[Warn  - 2:01:12 am] Error: ENOENT: no such file or directory, open '/opt/lampp/htdocs/capstone/Richworld-Giftshop/phpmailer/vendor/phpmailer/phpmailer/src/PHPMailer.php'
[Warn  - 2:01:12 am] Error: ENOENT: no such file or directory, open '/opt/lampp/htdocs/capstone/Richworld-Giftshop/phpmailer/vendor/phpmailer/phpmailer/src/PHPMailer.php'
[Warn  - 2:01:12 am] Error: ENOENT: no such file or directory, open '/opt/lampp/htdocs/capstone/Richworld-Giftshop/phpmailer/vendor/phpmailer/phpmailer/src/PHPMailer.php'
[Warn  - 2:01:13 am] Error: ENOENT: no such file or directory, open '/opt/lampp/htdocs/capstone/Richworld-Giftshop/phpmailer/vendor/phpmailer/phpmailer/src/PHPMailer.php'
[Warn  - 2:01:13 am] Error: ENOENT: no such file or directory, open '/opt/lampp/htdocs/capstone/Richworld-Giftshop/phpmailer/vendor/phpmailer/phpmailer/src/PHPMailer.php'
[Warn  - 2:01:13 am] Error: ENOENT: no such file or directory, open '/opt/lampp/htdocs/capstone/Richworld-Giftshop/phpmailer/vendor/phpmailer/phpmailer/src/PHPMailer.php'
[Warn  - 2:01:13 am] Error: ENOENT: no such file or directory, open '/opt/lampp/htdocs/capstone/Richworld-Giftshop/phpmailer/vendor/phpmailer/phpmailer/src/PHPMailer.php'
[Warn  - 2:01:14 am] Error: ENOENT: no such file or directory, open '/opt/lampp/htdocs/capstone/Richworld-Giftshop/phpmailer/vendor/phpmailer/phpmailer/src/PHPMailer.php'
[Warn  - 2:01:14 am] Error: ENOENT: no such file or directory, open '/opt/lampp/htdocs/capstone/Richworld-Giftshop/phpmailer/vendor/phpmailer/phpmailer/src/PHPMailer.php'
[Warn  - 2:01:16 am] Error: ENOENT: no such file or directory, open '/opt/lampp/htdocs/capstone/Richworld-Giftshop/phpmailer/vendor/phpmailer/phpmailer/src/PHPMailer.php'
[Warn  - 2:01:16 am] Error: ENOENT: no such file or directory, open '/opt/lampp/htdocs/capstone/Richworld-Giftshop/phpmailer/vendor/phpmailer/phpmailer/src/PHPMailer.php'
[Warn  - 2:01:16 am] Error: ENOENT: no such file or directory, open '/opt/lampp/htdocs/capstone/Richworld-Giftshop/phpmailer/vendor/phpmailer/phpmailer/src/PHPMailer.php'
[Warn  - 2:01:16 am] Error: ENOENT: no such file or directory, open '/opt/lampp/htdocs/capstone/Richworld-Giftshop/phpmailer/vendor/phpmailer/phpmailer/src/PHPMailer.php'
[Warn  - 2:01:17 am] Error: ENOENT: no such file or directory, open '/opt/lampp/htdocs/capstone/Richworld-Giftshop/phpmailer/vendor/phpmailer/phpmailer/src/PHPMailer.php'
[Warn  - 2:01:17 am] Error: ENOENT: no such file or directory, open '/opt/lampp/htdocs/capstone/Richworld-Giftshop/phpmailer/vendor/phpmailer/phpmailer/src/PHPMailer.php'
[Warn  - 2:01:18 am] Error: ENOENT: no such file or directory, open '/opt/lampp/htdocs/capstone/Richworld-Giftshop/phpmailer/vendor/phpmailer/phpmailer/src/PHPMailer.php'
[Warn  - 2:01:18 am] Error: ENOENT: no such file or directory, open '/opt/lampp/htdocs/capstone/Richworld-Giftshop/phpmailer/vendor/phpmailer/phpmailer/src/PHPMailer.php'
[Warn  - 2:01:22 am] Error: ENOENT: no such file or directory, open '/opt/lampp/htdocs/capstone/Richworld-Giftshop/phpmailer/vendor/phpmailer/phpmailer/src/PHPMailer.php'
[Warn  - 2:01:22 am] Error: ENOENT: no such file or directory, open '/opt/lampp/htdocs/capstone/Richworld-Giftshop/phpmailer/vendor/phpmailer/phpmailer/src/PHPMailer.php'
[Warn  - 2:01:22 am] Error: ENOENT: no such file or directory, open '/opt/lampp/htdocs/capstone/Richworld-Giftshop/phpmailer/vendor/phpmailer/phpmailer/src/PHPMailer.php'
[Warn  - 2:01:22 am] Error: ENOENT: no such file or directory, open '/opt/lampp/htdocs/capstone/Richworld-Giftshop/phpmailer/vendor/phpmailer/phpmailer/src/PHPMailer.php'
[Warn  - 2:01:23 am] Error: ENOENT: no such file or directory, open '/opt/lampp/htdocs/capstone/Richworld-Giftshop/phpmailer/vendor/phpmailer/phpmailer/src/PHPMailer.php'
[Warn  - 2:01:23 am] Error: ENOENT: no such file or directory, open '/opt/lampp/htdocs/capstone/Richworld-Giftshop/phpmailer/vendor/phpmailer/phpmailer/src/PHPMailer.php'
[Warn  - 2:01:25 am] Error: ENOENT: no such file or directory, open '/opt/lampp/htdocs/capstone/Richworld-Giftshop/phpmailer/vendor/phpmailer/phpmailer/src/PHPMailer.php'
[Warn  - 2:01:25 am] Error: ENOENT: no such file or directory, open '/opt/lampp/htdocs/capstone/Richworld-Giftshop/phpmailer/vendor/phpmailer/phpmailer/src/PHPMailer.php'
[Warn  - 2:01:26 am] Error: ENOENT: no such file or directory, open '/opt/lampp/htdocs/capstone/Richworld-Giftshop/phpmailer/vendor/phpmailer/phpmailer/src/PHPMailer.php'
[Warn  - 2:01:26 am] Error: ENOENT: no such file or directory, open '/opt/lampp/htdocs/capstone/Richworld-Giftshop/phpmailer/vendor/phpmailer/phpmailer/src/PHPMailer.php'
[Warn  - 2:01:28 am] Error: ENOENT: no such file or directory, open '/opt/lampp/htdocs/capstone/Richworld-Giftshop/phpmailer/vendor/phpmailer/phpmailer/src/PHPMailer.php'
[Warn  - 2:01:28 am] Error: ENOENT: no such file or directory, open '/opt/lampp/htdocs/capstone/Richworld-Giftshop/phpmailer/vendor/phpmailer/phpmailer/src/PHPMailer.php'
[Warn  - 2:01:28 am] Error: ENOENT: no such file or directory, open '/opt/lampp/htdocs/capstone/Richworld-Giftshop/phpmailer/vendor/phpmailer/phpmailer/src/PHPMailer.php'
[Warn  - 2:01:28 am] Error: ENOENT: no such file or directory, open '/opt/lampp/htdocs/capstone/Richworld-Giftshop/phpmailer/vendor/phpmailer/phpmailer/src/PHPMailer.php'
[Warn  - 2:01:47 am] Error: ENOENT: no such file or directory, open '/opt/lampp/htdocs/capstone/Richworld-Giftshop/phpmailer/vendor/phpmailer/phpmailer/src/PHPMailer.php'
[Warn  - 2:01:47 am] Error: ENOENT: no such file or directory, open '/opt/lampp/htdocs/capstone/Richworld-Giftshop/phpmailer/vendor/phpmailer/phpmailer/src/PHPMailer.php'
[Warn  - 2:01:48 am] Error: ENOENT: no such file or directory, open '/opt/lampp/htdocs/capstone/Richworld-Giftshop/phpmailer/vendor/phpmailer/phpmailer/src/PHPMailer.php'
[Warn  - 2:01:48 am] Error: ENOENT: no such file or directory, open '/opt/lampp/htdocs/capstone/Richworld-Giftshop/phpmailer/vendor/phpmailer/phpmailer/src/PHPMailer.php'
[Warn  - 2:01:56 am] Error: ENOENT: no such file or directory, open '/opt/lampp/htdocs/capstone/Richworld-Giftshop/phpmailer/vendor/phpmailer/phpmailer/src/PHPMailer.php'
[Warn  - 2:01:56 am] Error: ENOENT: no such file or directory, open '/opt/lampp/htdocs/capstone/Richworld-Giftshop/phpmailer/vendor/phpmailer/phpmailer/src/PHPMailer.php'
[Warn  - 2:01:59 am] Error: ENOENT: no such file or directory, open '/opt/lampp/htdocs/capstone/Richworld-Giftshop/phpmailer/vendor/phpmailer/phpmailer/src/PHPMailer.php'
[Warn  - 2:01:59 am] Error: ENOENT: no such file or directory, open '/opt/lampp/htdocs/capstone/Richworld-Giftshop/phpmailer/vendor/phpmailer/phpmailer/src/PHPMailer.php'
[Warn  - 2:02:00 am] Error: ENOENT: no such file or directory, open '/opt/lampp/htdocs/capstone/Richworld-Giftshop/phpmailer/vendor/phpmailer/phpmailer/src/PHPMailer.php'
[Warn  - 2:02:00 am] Error: ENOENT: no such file or directory, open '/opt/lampp/htdocs/capstone/Richworld-Giftshop/phpmailer/vendor/phpmailer/phpmailer/src/PHPMailer.php'
[Warn  - 2:02:07 am] Error: ENOENT: no such file or directory, open '/opt/lampp/htdocs/capstone/Richworld-Giftshop/phpmailer/vendor/phpmailer/phpmailer/src/PHPMailer.php'
[Warn  - 2:02:07 am] Error: ENOENT: no such file or directory, open '/opt/lampp/htdocs/capstone/Richworld-Giftshop/phpmailer/vendor/phpmailer/phpmailer/src/PHPMailer.php'
[Warn  - 2:02:07 am] Error: ENOENT: no such file or directory, open '/opt/lampp/htdocs/capstone/Richworld-Giftshop/phpmailer/vendor/phpmailer/phpmailer/src/PHPMailer.php'
[Warn  - 2:02:07 am] Error: ENOENT: no such file or directory, open '/opt/lampp/htdocs/capstone/Richworld-Giftshop/phpmailer/vendor/phpmailer/phpmailer/src/PHPMailer.php'
[Warn  - 2:02:08 am] Error: ENOENT: no such file or directory, open '/opt/lampp/htdocs/capstone/Richworld-Giftshop/phpmailer/vendor/phpmailer/phpmailer/src/PHPMailer.php'
[Warn  - 2:02:08 am] Error: ENOENT: no such file or directory, open '/opt/lampp/htdocs/capstone/Richworld-Giftshop/phpmailer/vendor/phpmailer/phpmailer/src/PHPMailer.php'
[Warn  - 2:02:08 am] Error: ENOENT: no such file or directory, open '/opt/lampp/htdocs/capstone/Richworld-Giftshop/phpmailer/vendor/phpmailer/phpmailer/src/PHPMailer.php'
[Warn  - 2:02:08 am] Error: ENOENT: no such file or directory, open '/opt/lampp/htdocs/capstone/Richworld-Giftshop/phpmailer/vendor/phpmailer/phpmailer/src/PHPMailer.php'
[Warn  - 2:02:09 am] Error: ENOENT: no such file or directory, open '/opt/lampp/htdocs/capstone/Richworld-Giftshop/phpmailer/vendor/phpmailer/phpmailer/src/PHPMailer.php'
[Warn  - 2:02:09 am] Error: ENOENT: no such file or directory, open '/opt/lampp/htdocs/capstone/Richworld-Giftshop/phpmailer/vendor/phpmailer/phpmailer/src/PHPMailer.php'
[Warn  - 2:02:09 am] Error: ENOENT: no such file or directory, open '/opt/lampp/htdocs/capstone/Richworld-Giftshop/phpmailer/vendor/phpmailer/phpmailer/src/PHPMailer.php'
[Warn  - 2:02:09 am] Error: ENOENT: no such file or directory, open '/opt/lampp/htdocs/capstone/Richworld-Giftshop/phpmailer/vendor/phpmailer/phpmailer/src/PHPMailer.php'
[Warn  - 2:02:09 am] Error: ENOENT: no such file or directory, open '/opt/lampp/htdocs/capstone/Richworld-Giftshop/phpmailer/vendor/phpmailer/phpmailer/src/PHPMailer.php'
[Warn  - 2:02:09 am] Error: ENOENT: no such file or directory, open '/opt/lampp/htdocs/capstone/Richworld-Giftshop/phpmailer/vendor/phpmailer/phpmailer/src/PHPMailer.php'
[Warn  - 2:02:10 am] Error: ENOENT: no such file or directory, open '/opt/lampp/htdocs/capstone/Richworld-Giftshop/phpmailer/vendor/phpmailer/phpmailer/src/PHPMailer.php'
[Warn  - 2:02:10 am] Error: ENOENT: no such file or directory, open '/opt/lampp/htdocs/capstone/Richworld-Giftshop/phpmailer/vendor/phpmailer/phpmailer/src/PHPMailer.php'
[Warn  - 2:02:10 am] Error: ENOENT: no such file or directory, open '/opt/lampp/htdocs/capstone/Richworld-Giftshop/phpmailer/vendor/phpmailer/phpmailer/src/PHPMailer.php'
[Warn  - 2:02:10 am] Error: ENOENT: no such file or directory, open '/opt/lampp/htdocs/capstone/Richworld-Giftshop/phpmailer/vendor/phpmailer/phpmailer/src/PHPMailer.php'
[Warn  - 2:02:11 am] Error: ENOENT: no such file or directory, open '/opt/lampp/htdocs/capstone/Richworld-Giftshop/phpmailer/vendor/phpmailer/phpmailer/src/PHPMailer.php'
[Warn  - 2:02:11 am] Error: ENOENT: no such file or directory, open '/opt/lampp/htdocs/capstone/Richworld-Giftshop/phpmailer/vendor/phpmailer/phpmailer/src/PHPMailer.php'
[Warn  - 2:02:11 am] Error: ENOENT: no such file or directory, open '/opt/lampp/htdocs/capstone/Richworld-Giftshop/phpmailer/vendor/phpmailer/phpmailer/src/PHPMailer.php'
[Warn  - 2:02:11 am] Error: ENOENT: no such file or directory, open '/opt/lampp/htdocs/capstone/Richworld-Giftshop/phpmailer/vendor/phpmailer/phpmailer/src/PHPMailer.php'
[Warn  - 2:02:12 am] Error: ENOENT: no such file or directory, open '/opt/lampp/htdocs/capstone/Richworld-Giftshop/phpmailer/vendor/phpmailer/phpmailer/src/PHPMailer.php'
[Warn  - 2:02:12 am] Error: ENOENT: no such file or directory, open '/opt/lampp/htdocs/capstone/Richworld-Giftshop/phpmailer/vendor/phpmailer/phpmailer/src/PHPMailer.php'
[Warn  - 2:02:12 am] Error: ENOENT: no such file or directory, open '/opt/lampp/htdocs/capstone/Richworld-Giftshop/phpmailer/vendor/phpmailer/phpmailer/src/PHPMailer.php'
[Warn  - 2:02:12 am] Error: ENOENT: no such file or directory, open '/opt/lampp/htdocs/capstone/Richworld-Giftshop/phpmailer/vendor/phpmailer/phpmailer/src/PHPMailer.php'
[Warn  - 2:02:12 am] Error: ENOENT: no such file or directory, open '/opt/lampp/htdocs/capstone/Richworld-Giftshop/phpmailer/vendor/phpmailer/phpmailer/src/PHPMailer.php'
[Warn  - 2:02:12 am] Error: ENOENT: no such file or directory, open '/opt/lampp/htdocs/capstone/Richworld-Giftshop/phpmailer/vendor/phpmailer/phpmailer/src/PHPMailer.php'
[Warn  - 2:02:13 am] Error: ENOENT: no such file or directory, open '/opt/lampp/htdocs/capstone/Richworld-Giftshop/phpmailer/vendor/phpmailer/phpmailer/src/PHPMailer.php'
[Warn  - 2:02:13 am] Error: ENOENT: no such file or directory, open '/opt/lampp/htdocs/capstone/Richworld-Giftshop/phpmailer/vendor/phpmailer/phpmailer/src/PHPMailer.php'
[Warn  - 2:02:13 am] Error: ENOENT: no such file or directory, open '/opt/lampp/htdocs/capstone/Richworld-Giftshop/phpmailer/vendor/phpmailer/phpmailer/src/PHPMailer.php'
[Warn  - 2:02:13 am] Error: ENOENT: no such file or directory, open '/opt/lampp/htdocs/capstone/Richworld-Giftshop/phpmailer/vendor/phpmailer/phpmailer/src/PHPMailer.php'
[Warn  - 2:02:14 am] Error: ENOENT: no such file or directory, open '/opt/lampp/htdocs/capstone/Richworld-Giftshop/phpmailer/vendor/phpmailer/phpmailer/src/PHPMailer.php'
[Warn  - 2:02:14 am] Error: ENOENT: no such file or directory, open '/opt/lampp/htdocs/capstone/Richworld-Giftshop/phpmailer/vendor/phpmailer/phpmailer/src/PHPMailer.php'
[Warn  - 2:02:35 am] Error: ENOENT: no such file or directory, open '/opt/lampp/htdocs/capstone/Richworld-Giftshop/phpmailer/vendor/phpmailer/phpmailer/src/PHPMailer.php'
[Warn  - 2:02:35 am] Error: ENOENT: no such file or directory, open '/opt/lampp/htdocs/capstone/Richworld-Giftshop/phpmailer/vendor/phpmailer/phpmailer/src/PHPMailer.php'
[Warn  - 2:02:36 am] Error: ENOENT: no such file or directory, open '/opt/lampp/htdocs/capstone/Richworld-Giftshop/phpmailer/vendor/phpmailer/phpmailer/src/PHPMailer.php'
[Warn  - 2:02:36 am] Error: ENOENT: no such file or directory, open '/opt/lampp/htdocs/capstone/Richworld-Giftshop/phpmailer/vendor/phpmailer/phpmailer/src/PHPMailer.php'
[Warn  - 2:02:36 am] Error: ENOENT: no such file or directory, open '/opt/lampp/htdocs/capstone/Richworld-Giftshop/phpmailer/vendor/phpmailer/phpmailer/src/PHPMailer.php'
[Warn  - 2:02:36 am] Error: ENOENT: no such file or directory, open '/opt/lampp/htdocs/capstone/Richworld-Giftshop/phpmailer/vendor/phpmailer/phpmailer/src/PHPMailer.php'
[Warn  - 2:02:38 am] Error: ENOENT: no such file or directory, open '/opt/lampp/htdocs/capstone/Richworld-Giftshop/phpmailer/vendor/phpmailer/phpmailer/src/PHPMailer.php'
[Warn  - 2:02:38 am] Error: ENOENT: no such file or directory, open '/opt/lampp/htdocs/capstone/Richworld-Giftshop/phpmailer/vendor/phpmailer/phpmailer/src/PHPMailer.php'
[Warn  - 2:02:39 am] Error: ENOENT: no such file or directory, open '/opt/lampp/htdocs/capstone/Richworld-Giftshop/phpmailer/vendor/phpmailer/phpmailer/src/PHPMailer.php'
[Warn  - 2:02:39 am] Error: ENOENT: no such file or directory, open '/opt/lampp/htdocs/capstone/Richworld-Giftshop/phpmailer/vendor/phpmailer/phpmailer/src/PHPMailer.php'
[Warn  - 2:02:42 am] Error: ENOENT: no such file or directory, open '/opt/lampp/htdocs/capstone/Richworld-Giftshop/phpmailer/vendor/phpmailer/phpmailer/src/PHPMailer.php'
[Warn  - 2:02:42 am] Error: ENOENT: no such file or directory, open '/opt/lampp/htdocs/capstone/Richworld-Giftshop/phpmailer/vendor/phpmailer/phpmailer/src/PHPMailer.php'
[Warn  - 2:02:43 am] Error: ENOENT: no such file or directory, open '/opt/lampp/htdocs/capstone/Richworld-Giftshop/phpmailer/vendor/phpmailer/phpmailer/src/PHPMailer.php'
[Warn  - 2:02:43 am] Error: ENOENT: no such file or directory, open '/opt/lampp/htdocs/capstone/Richworld-Giftshop/phpmailer/vendor/phpmailer/phpmailer/src/PHPMailer.php'
[Warn  - 2:02:58 am] Error: ENOENT: no such file or directory, open '/opt/lampp/htdocs/capstone/Richworld-Giftshop/phpmailer/vendor/phpmailer/phpmailer/src/PHPMailer.php'
[Warn  - 2:02:58 am] Error: ENOENT: no such file or directory, open '/opt/lampp/htdocs/capstone/Richworld-Giftshop/phpmailer/vendor/phpmailer/phpmailer/src/PHPMailer.php'
[Warn  - 2:03:00 am] Error: ENOENT: no such file or directory, open '/opt/lampp/htdocs/capstone/Richworld-Giftshop/phpmailer/vendor/phpmailer/phpmailer/src/PHPMailer.php'
[Warn  - 2:03:00 am] Error: ENOENT: no such file or directory, open '/opt/lampp/htdocs/capstone/Richworld-Giftshop/phpmailer/vendor/phpmailer/phpmailer/src/PHPMailer.php'
[Warn  - 2:03:01 am] Error: ENOENT: no such file or directory, open '/opt/lampp/htdocs/capstone/Richworld-Giftshop/phpmailer/vendor/phpmailer/phpmailer/src/PHPMailer.php'
[Warn  - 2:03:01 am] Error: ENOENT: no such file or directory, open '/opt/lampp/htdocs/capstone/Richworld-Giftshop/phpmailer/vendor/phpmailer/phpmailer/src/PHPMailer.php'
[Warn  - 2:03:01 am] Error: ENOENT: no such file or directory, open '/opt/lampp/htdocs/capstone/Richworld-Giftshop/phpmailer/vendor/phpmailer/phpmailer/src/PHPMailer.php'
[Warn  - 2:03:01 am] Error: ENOENT: no such file or directory, open '/opt/lampp/htdocs/capstone/Richworld-Giftshop/phpmailer/vendor/phpmailer/phpmailer/src/PHPMailer.php'
[Warn  - 2:03:02 am] Error: ENOENT: no such file or directory, open '/opt/lampp/htdocs/capstone/Richworld-Giftshop/phpmailer/vendor/phpmailer/phpmailer/src/PHPMailer.php'
[Warn  - 2:03:02 am] Error: ENOENT: no such file or directory, open '/opt/lampp/htdocs/capstone/Richworld-Giftshop/phpmailer/vendor/phpmailer/phpmailer/src/PHPMailer.php'
[Warn  - 2:03:02 am] Error: ENOENT: no such file or directory, open '/opt/lampp/htdocs/capstone/Richworld-Giftshop/phpmailer/vendor/phpmailer/phpmailer/src/PHPMailer.php'
[Warn  - 2:03:02 am] Error: ENOENT: no such file or directory, open '/opt/lampp/htdocs/capstone/Richworld-Giftshop/phpmailer/vendor/phpmailer/phpmailer/src/PHPMailer.php'
[Warn  - 2:03:03 am] Error: ENOENT: no such file or directory, open '/opt/lampp/htdocs/capstone/Richworld-Giftshop/phpmailer/vendor/phpmailer/phpmailer/src/PHPMailer.php'
[Warn  - 2:03:03 am] Error: ENOENT: no such file or directory, open '/opt/lampp/htdocs/capstone/Richworld-Giftshop/phpmailer/vendor/phpmailer/phpmailer/src/PHPMailer.php'
[Warn  - 2:03:04 am] Error: ENOENT: no such file or directory, open '/opt/lampp/htdocs/capstone/Richworld-Giftshop/phpmailer/vendor/phpmailer/phpmailer/src/PHPMailer.php'
[Warn  - 2:03:04 am] Error: ENOENT: no such file or directory, open '/opt/lampp/htdocs/capstone/Richworld-Giftshop/phpmailer/vendor/phpmailer/phpmailer/src/PHPMailer.php'
[Warn  - 2:03:07 am] Error: ENOENT: no such file or directory, open '/opt/lampp/htdocs/capstone/Richworld-Giftshop/phpmailer/vendor/phpmailer/phpmailer/src/PHPMailer.php'
[Warn  - 2:03:07 am] Error: ENOENT: no such file or directory, open '/opt/lampp/htdocs/capstone/Richworld-Giftshop/phpmailer/vendor/phpmailer/phpmailer/src/PHPMailer.php'
[Warn  - 2:03:08 am] Error: ENOENT: no such file or directory, open '/opt/lampp/htdocs/capstone/Richworld-Giftshop/phpmailer/vendor/phpmailer/phpmailer/src/PHPMailer.php'
[Warn  - 2:03:08 am] Error: ENOENT: no such file or directory, open '/opt/lampp/htdocs/capstone/Richworld-Giftshop/phpmailer/vendor/phpmailer/phpmailer/src/PHPMailer.php'
[Warn  - 2:03:09 am] Error: ENOENT: no such file or directory, open '/opt/lampp/htdocs/capstone/Richworld-Giftshop/phpmailer/vendor/phpmailer/phpmailer/src/PHPMailer.php'
[Warn  - 2:03:09 am] Error: ENOENT: no such file or directory, open '/opt/lampp/htdocs/capstone/Richworld-Giftshop/phpmailer/vendor/phpmailer/phpmailer/src/PHPMailer.php'
[Warn  - 2:03:11 am] Error: ENOENT: no such file or directory, open '/opt/lampp/htdocs/capstone/Richworld-Giftshop/phpmailer/vendor/phpmailer/phpmailer/src/PHPMailer.php'
[Warn  - 2:03:11 am] Error: ENOENT: no such file or directory, open '/opt/lampp/htdocs/capstone/Richworld-Giftshop/phpmailer/vendor/phpmailer/phpmailer/src/PHPMailer.php'
[Warn  - 2:03:12 am] Error: ENOENT: no such file or directory, open '/opt/lampp/htdocs/capstone/Richworld-Giftshop/phpmailer/vendor/phpmailer/phpmailer/src/PHPMailer.php'
[Warn  - 2:03:12 am] Error: ENOENT: no such file or directory, open '/opt/lampp/htdocs/capstone/Richworld-Giftshop/phpmailer/vendor/phpmailer/phpmailer/src/PHPMailer.php'
[Warn  - 2:03:12 am] Error: ENOENT: no such file or directory, open '/opt/lampp/htdocs/capstone/Richworld-Giftshop/phpmailer/vendor/phpmailer/phpmailer/src/PHPMailer.php'
[Warn  - 2:03:12 am] Error: ENOENT: no such file or directory, open '/opt/lampp/htdocs/capstone/Richworld-Giftshop/phpmailer/vendor/phpmailer/phpmailer/src/PHPMailer.php'
[Warn  - 2:03:13 am] Error: ENOENT: no such file or directory, open '/opt/lampp/htdocs/capstone/Richworld-Giftshop/phpmailer/vendor/phpmailer/phpmailer/src/PHPMailer.php'
[Warn  - 2:03:13 am] Error: ENOENT: no such file or directory, open '/opt/lampp/htdocs/capstone/Richworld-Giftshop/phpmailer/vendor/phpmailer/phpmailer/src/PHPMailer.php'
[Warn  - 2:03:47 am] Error: ENOENT: no such file or directory, open '/opt/lampp/htdocs/capstone/Richworld-Giftshop/phpmailer/vendor/phpmailer/phpmailer/src/PHPMailer.php'
[Warn  - 2:03:47 am] Error: ENOENT: no such file or directory, open '/opt/lampp/htdocs/capstone/Richworld-Giftshop/phpmailer/vendor/phpmailer/phpmailer/src/PHPMailer.php'
[Warn  - 2:03:53 am] Error: ENOENT: no such file or directory, open '/opt/lampp/htdocs/capstone/Richworld-Giftshop/phpmailer/vendor/phpmailer/phpmailer/src/PHPMailer.php'
[Warn  - 2:03:53 am] Error: ENOENT: no such file or directory, open '/opt/lampp/htdocs/capstone/Richworld-Giftshop/phpmailer/vendor/phpmailer/phpmailer/src/PHPMailer.php'
[Warn  - 2:03:54 am] Error: ENOENT: no such file or directory, open '/opt/lampp/htdocs/capstone/Richworld-Giftshop/phpmailer/vendor/phpmailer/phpmailer/src/SMTP.php'
[Warn  - 2:03:56 am] Error: ENOENT: no such file or directory, open '/opt/lampp/htdocs/capstone/Richworld-Giftshop/phpmailer/vendor/phpmailer/phpmailer/src/PHPMailer.php'
[Warn  - 2:03:56 am] Error: ENOENT: no such file or directory, open '/opt/lampp/htdocs/capstone/Richworld-Giftshop/phpmailer/vendor/phpmailer/phpmailer/src/PHPMailer.php'
[Warn  - 2:03:59 am] Error: ENOENT: no such file or directory, open '/opt/lampp/htdocs/capstone/Richworld-Giftshop/phpmailer/vendor/phpmailer/phpmailer/src/PHPMailer.php'
[Warn  - 2:04:07 am] Error: ENOENT: no such file or directory, open '/opt/lampp/htdocs/capstone/Richworld-Giftshop/phpmailer/vendor/phpmailer/phpmailer/src/PHPMailer.php'
[Warn  - 2:04:07 am] Error: ENOENT: no such file or directory, open '/opt/lampp/htdocs/capstone/Richworld-Giftshop/phpmailer/vendor/phpmailer/phpmailer/src/PHPMailer.php'
[Warn  - 2:04:25 am] Error: ENOENT: no such file or directory, open '/opt/lampp/htdocs/capstone/Richworld-Giftshop/phpmailer/vendor/phpmailer/phpmailer/src/PHPMailer.php'
[Warn  - 2:04:25 am] Error: ENOENT: no such file or directory, open '/opt/lampp/htdocs/capstone/Richworld-Giftshop/phpmailer/vendor/phpmailer/phpmailer/src/PHPMailer.php'
[Warn  - 2:04:25 am] Error: ENOENT: no such file or directory, open '/opt/lampp/htdocs/capstone/Richworld-Giftshop/phpmailer/vendor/phpmailer/phpmailer/src/PHPMailer.php'
[Warn  - 2:04:45 am] Error: ENOENT: no such file or directory, open '/opt/lampp/htdocs/capstone/Richworld-Giftshop/phpmailer/vendor/phpmailer/phpmailer/src/PHPMailer.php'
[Warn  - 2:04:45 am] Error: ENOENT: no such file or directory, open '/opt/lampp/htdocs/capstone/Richworld-Giftshop/phpmailer/vendor/phpmailer/phpmailer/src/PHPMailer.php'
[Warn  - 2:04:48 am] Error: ENOENT: no such file or directory, open '/opt/lampp/htdocs/capstone/Richworld-Giftshop/phpmailer/vendor/phpmailer/phpmailer/src/PHPMailer.php'
[Warn  - 2:04:48 am] Error: ENOENT: no such file or directory, open '/opt/lampp/htdocs/capstone/Richworld-Giftshop/phpmailer/vendor/phpmailer/phpmailer/src/PHPMailer.php'
[Warn  - 2:08:28 am] Error: ENOENT: no such file or directory, open '/opt/lampp/htdocs/capstone/Richworld-Giftshop/phpmailer/vendor/phpmailer/phpmailer/src/PHPMailer.php'
[Warn  - 2:08:28 am] Error: ENOENT: no such file or directory, open '/opt/lampp/htdocs/capstone/Richworld-Giftshop/phpmailer/vendor/phpmailer/phpmailer/src/PHPMailer.php'
[Warn  - 2:08:28 am] Error: ENOENT: no such file or directory, open '/opt/lampp/htdocs/capstone/Richworld-Giftshop/phpmailer/vendor/phpmailer/phpmailer/src/PHPMailer.php'
[Warn  - 2:08:28 am] Error: ENOENT: no such file or directory, open '/opt/lampp/htdocs/capstone/Richworld-Giftshop/phpmailer/vendor/phpmailer/phpmailer/src/PHPMailer.php'
[Warn  - 2:08:37 am] Error: ENOENT: no such file or directory, open '/opt/lampp/htdocs/capstone/Richworld-Giftshop/phpmailer/vendor/phpmailer/phpmailer/src/PHPMailer.php'
[Warn  - 2:08:37 am] Error: ENOENT: no such file or directory, open '/opt/lampp/htdocs/capstone/Richworld-Giftshop/phpmailer/vendor/phpmailer/phpmailer/src/PHPMailer.php'
[Warn  - 2:10:36 am] Error: ENOENT: no such file or directory, open '/opt/lampp/htdocs/capstone/Richworld-Giftshop/phpmailer/vendor/phpmailer/phpmailer/src/PHPMailer.php'
[Warn  - 2:10:36 am] Error: ENOENT: no such file or directory, open '/opt/lampp/htdocs/capstone/Richworld-Giftshop/phpmailer/vendor/phpmailer/phpmailer/src/PHPMailer.php'
[Warn  - 2:10:38 am] Error: ENOENT: no such file or directory, open '/opt/lampp/htdocs/capstone/Richworld-Giftshop/phpmailer/vendor/phpmailer/phpmailer/src/PHPMailer.php'
[Warn  - 2:10:38 am] Error: ENOENT: no such file or directory, open '/opt/lampp/htdocs/capstone/Richworld-Giftshop/phpmailer/vendor/phpmailer/phpmailer/src/PHPMailer.php'
[Warn  - 2:11:23 am] Error: ENOENT: no such file or directory, open '/opt/lampp/htdocs/capstone/Richworld-Giftshop/phpmailer/vendor/phpmailer/phpmailer/src/SMTP.php'
[Warn  - 2:11:24 am] Error: ENOENT: no such file or directory, open '/opt/lampp/htdocs/capstone/Richworld-Giftshop/phpmailer/vendor/phpmailer/phpmailer/src/SMTP.php'
[Warn  - 2:11:25 am] Error: ENOENT: no such file or directory, open '/opt/lampp/htdocs/capstone/Richworld-Giftshop/phpmailer/vendor/phpmailer/phpmailer/src/PHPMailer.php'
[Warn  - 2:11:25 am] Error: ENOENT: no such file or directory, open '/opt/lampp/htdocs/capstone/Richworld-Giftshop/phpmailer/vendor/phpmailer/phpmailer/src/PHPMailer.php'
[Warn  - 2:11:27 am] Error: ENOENT: no such file or directory, open '/opt/lampp/htdocs/capstone/Richworld-Giftshop/phpmailer/vendor/phpmailer/phpmailer/src/PHPMailer.php'
[Warn  - 2:11:27 am] Error: ENOENT: no such file or directory, open '/opt/lampp/htdocs/capstone/Richworld-Giftshop/phpmailer/vendor/phpmailer/phpmailer/src/PHPMailer.php'
[Warn  - 2:13:08 am] Error: ENOENT: no such file or directory, open '/opt/lampp/htdocs/capstone/Richworld-Giftshop/phpmailer/vendor/phpmailer/phpmailer/src/PHPMailer.php'
[Warn  - 2:13:08 am] Error: ENOENT: no such file or directory, open '/opt/lampp/htdocs/capstone/Richworld-Giftshop/phpmailer/vendor/phpmailer/phpmailer/src/PHPMailer.php'
[Warn  - 2:13:14 am] Error: ENOENT: no such file or directory, open '/opt/lampp/htdocs/capstone/Richworld-Giftshop/phpmailer/vendor/phpmailer/phpmailer/src/PHPMailer.php'
[Warn  - 2:13:14 am] Error: ENOENT: no such file or directory, open '/opt/lampp/htdocs/capstone/Richworld-Giftshop/phpmailer/vendor/phpmailer/phpmailer/src/PHPMailer.php'
[Warn  - 2:13:21 am] Error: ENOENT: no such file or directory, open '/opt/lampp/htdocs/capstone/Richworld-Giftshop/phpmailer/vendor/phpmailer/phpmailer/src/PHPMailer.php'
[Warn  - 2:13:21 am] Error: ENOENT: no such file or directory, open '/opt/lampp/htdocs/capstone/Richworld-Giftshop/phpmailer/vendor/phpmailer/phpmailer/src/PHPMailer.php'
[Warn  - 2:13:23 am] Error: ENOENT: no such file or directory, open '/opt/lampp/htdocs/capstone/Richworld-Giftshop/phpmailer/vendor/phpmailer/phpmailer/src/PHPMailer.php'
[Warn  - 2:13:26 am] Error: ENOENT: no such file or directory, open '/opt/lampp/htdocs/capstone/Richworld-Giftshop/phpmailer/vendor/phpmailer/phpmailer/src/PHPMailer.php'
[Warn  - 2:13:27 am] Error: ENOENT: no such file or directory, open '/opt/lampp/htdocs/capstone/Richworld-Giftshop/phpmailer/vendor/phpmailer/phpmailer/src/PHPMailer.php'
[Warn  - 2:13:28 am] Error: ENOENT: no such file or directory, open '/opt/lampp/htdocs/capstone/Richworld-Giftshop/phpmailer/vendor/phpmailer/phpmailer/src/PHPMailer.php'
[Warn  - 2:13:33 am] Error: ENOENT: no such file or directory, open '/opt/lampp/htdocs/capstone/Richworld-Giftshop/phpmailer/vendor/phpmailer/phpmailer/src/PHPMailer.php'
[Warn  - 2:13:33 am] Error: ENOENT: no such file or directory, open '/opt/lampp/htdocs/capstone/Richworld-Giftshop/phpmailer/vendor/phpmailer/phpmailer/src/PHPMailer.php'
[Warn  - 2:13:35 am] Error: ENOENT: no such file or directory, open '/opt/lampp/htdocs/capstone/Richworld-Giftshop/phpmailer/vendor/phpmailer/phpmailer/src/PHPMailer.php'
[Warn  - 2:13:35 am] Error: ENOENT: no such file or directory, open '/opt/lampp/htdocs/capstone/Richworld-Giftshop/phpmailer/vendor/phpmailer/phpmailer/src/PHPMailer.php'
[Warn  - 2:13:40 am] Error: ENOENT: no such file or directory, open '/opt/lampp/htdocs/capstone/Richworld-Giftshop/phpmailer/vendor/phpmailer/phpmailer/src/PHPMailer.php'
[Warn  - 2:13:43 am] Error: ENOENT: no such file or directory, open '/opt/lampp/htdocs/capstone/Richworld-Giftshop/phpmailer/vendor/phpmailer/phpmailer/src/PHPMailer.php'
[Warn  - 2:13:43 am] Error: ENOENT: no such file or directory, open '/opt/lampp/htdocs/capstone/Richworld-Giftshop/phpmailer/vendor/phpmailer/phpmailer/src/PHPMailer.php'
[Warn  - 2:13:43 am] Error: ENOENT: no such file or directory, open '/opt/lampp/htdocs/capstone/Richworld-Giftshop/phpmailer/vendor/phpmailer/phpmailer/src/PHPMailer.php'
[Warn  - 2:13:43 am] Error: ENOENT: no such file or directory, open '/opt/lampp/htdocs/capstone/Richworld-Giftshop/phpmailer/vendor/phpmailer/phpmailer/src/PHPMailer.php'
[Warn  - 2:14:44 am] Error: ENOENT: no such file or directory, open '/opt/lampp/htdocs/capstone/Richworld-Giftshop/phpmailer/vendor/phpmailer/phpmailer/src/PHPMailer.php'
[Warn  - 2:14:44 am] Error: ENOENT: no such file or directory, open '/opt/lampp/htdocs/capstone/Richworld-Giftshop/phpmailer/vendor/phpmailer/phpmailer/src/PHPMailer.php'
[Warn  - 2:14:44 am] Error: ENOENT: no such file or directory, open '/opt/lampp/htdocs/capstone/Richworld-Giftshop/phpmailer/vendor/phpmailer/phpmailer/src/PHPMailer.php'
[Warn  - 2:14:44 am] Error: ENOENT: no such file or directory, open '/opt/lampp/htdocs/capstone/Richworld-Giftshop/phpmailer/vendor/phpmailer/phpmailer/src/PHPMailer.php'
[Warn  - 2:14:45 am] Error: ENOENT: no such file or directory, open '/opt/lampp/htdocs/capstone/Richworld-Giftshop/phpmailer/vendor/phpmailer/phpmailer/src/PHPMailer.php'
[Warn  - 2:14:45 am] Error: ENOENT: no such file or directory, open '/opt/lampp/htdocs/capstone/Richworld-Giftshop/phpmailer/vendor/phpmailer/phpmailer/src/PHPMailer.php'
[Warn  - 2:14:47 am] Error: ENOENT: no such file or directory, open '/opt/lampp/htdocs/capstone/Richworld-Giftshop/phpmailer/vendor/phpmailer/phpmailer/src/PHPMailer.php'
[Warn  - 2:14:47 am] Error: ENOENT: no such file or directory, open '/opt/lampp/htdocs/capstone/Richworld-Giftshop/phpmailer/vendor/phpmailer/phpmailer/src/PHPMailer.php'
[Warn  - 2:16:43 am] Error: ENOENT: no such file or directory, open '/opt/lampp/htdocs/capstone/Richworld-Giftshop/phpmailer/vendor/phpmailer/phpmailer/src/PHPMailer.php'
[Warn  - 2:16:43 am] Error: ENOENT: no such file or directory, open '/opt/lampp/htdocs/capstone/Richworld-Giftshop/phpmailer/vendor/phpmailer/phpmailer/src/PHPMailer.php'
[Warn  - 2:18:15 am] Error: ENOENT: no such file or directory, open '/opt/lampp/htdocs/capstone/Richworld-Giftshop/phpmailer/vendor/phpmailer/phpmailer/src/PHPMailer.php'
[Warn  - 2:18:15 am] Error: ENOENT: no such file or directory, open '/opt/lampp/htdocs/capstone/Richworld-Giftshop/phpmailer/vendor/phpmailer/phpmailer/src/PHPMailer.php'
[Warn  - 2:18:40 am] Error: ENOENT: no such file or directory, open '/opt/lampp/htdocs/capstone/Richworld-Giftshop/phpmailer/vendor/phpmailer/phpmailer/src/PHPMailer.php'
[Warn  - 2:18:40 am] Error: ENOENT: no such file or directory, open '/opt/lampp/htdocs/capstone/Richworld-Giftshop/phpmailer/vendor/phpmailer/phpmailer/src/PHPMailer.php'
[Warn  - 2:19:01 am] Error: ENOENT: no such file or directory, open '/opt/lampp/htdocs/capstone/Richworld-Giftshop/phpmailer/vendor/phpmailer/phpmailer/src/PHPMailer.php'
[Warn  - 2:19:01 am] Error: ENOENT: no such file or directory, open '/opt/lampp/htdocs/capstone/Richworld-Giftshop/phpmailer/vendor/phpmailer/phpmailer/src/PHPMailer.php'
[Warn  - 2:19:03 am] Error: ENOENT: no such file or directory, open '/opt/lampp/htdocs/capstone/Richworld-Giftshop/phpmailer/vendor/phpmailer/phpmailer/src/PHPMailer.php'
[Warn  - 2:19:03 am] Error: ENOENT: no such file or directory, open '/opt/lampp/htdocs/capstone/Richworld-Giftshop/phpmailer/vendor/phpmailer/phpmailer/src/PHPMailer.php'
[Warn  - 2:19:05 am] Error: ENOENT: no such file or directory, open '/opt/lampp/htdocs/capstone/Richworld-Giftshop/phpmailer/vendor/phpmailer/phpmailer/src/PHPMailer.php'
[Warn  - 2:19:05 am] Error: ENOENT: no such file or directory, open '/opt/lampp/htdocs/capstone/Richworld-Giftshop/phpmailer/vendor/phpmailer/phpmailer/src/PHPMailer.php'
[Warn  - 2:19:30 am] Error: ENOENT: no such file or directory, open '/opt/lampp/htdocs/capstone/Richworld-Giftshop/phpmailer/vendor/phpmailer/phpmailer/src/PHPMailer.php'
[Warn  - 2:19:30 am] Error: ENOENT: no such file or directory, open '/opt/lampp/htdocs/capstone/Richworld-Giftshop/phpmailer/vendor/phpmailer/phpmailer/src/PHPMailer.php'
[Warn  - 2:19:30 am] Error: ENOENT: no such file or directory, open '/opt/lampp/htdocs/capstone/Richworld-Giftshop/phpmailer/vendor/phpmailer/phpmailer/src/PHPMailer.php'
[Warn  - 2:19:30 am] Error: ENOENT: no such file or directory, open '/opt/lampp/htdocs/capstone/Richworld-Giftshop/phpmailer/vendor/phpmailer/phpmailer/src/PHPMailer.php'
[Warn  - 2:19:30 am] Error: ENOENT: no such file or directory, open '/opt/lampp/htdocs/capstone/Richworld-Giftshop/phpmailer/vendor/phpmailer/phpmailer/src/PHPMailer.php'
[Warn  - 2:19:30 am] Error: ENOENT: no such file or directory, open '/opt/lampp/htdocs/capstone/Richworld-Giftshop/phpmailer/vendor/phpmailer/phpmailer/src/PHPMailer.php'
[Warn  - 2:19:32 am] Error: ENOENT: no such file or directory, open '/opt/lampp/htdocs/capstone/Richworld-Giftshop/phpmailer/vendor/phpmailer/phpmailer/src/PHPMailer.php'
[Warn  - 2:19:32 am] Error: ENOENT: no such file or directory, open '/opt/lampp/htdocs/capstone/Richworld-Giftshop/phpmailer/vendor/phpmailer/phpmailer/src/PHPMailer.php'
[Warn  - 2:20:29 am] Error: ENOENT: no such file or directory, open '/opt/lampp/htdocs/capstone/Richworld-Giftshop/phpmailer/vendor/phpmailer/phpmailer/src/PHPMailer.php'
[Warn  - 2:20:29 am] Error: ENOENT: no such file or directory, open '/opt/lampp/htdocs/capstone/Richworld-Giftshop/phpmailer/vendor/phpmailer/phpmailer/src/PHPMailer.php'
[Warn  - 2:20:33 am] Error: ENOENT: no such file or directory, open '/opt/lampp/htdocs/capstone/Richworld-Giftshop/phpmailer/vendor/phpmailer/phpmailer/src/PHPMailer.php'
[Warn  - 2:20:33 am] Error: ENOENT: no such file or directory, open '/opt/lampp/htdocs/capstone/Richworld-Giftshop/phpmailer/vendor/phpmailer/phpmailer/src/PHPMailer.php'
[Warn  - 2:20:35 am] Error: ENOENT: no such file or directory, open '/opt/lampp/htdocs/capstone/Richworld-Giftshop/phpmailer/vendor/phpmailer/phpmailer/src/PHPMailer.php'
[Warn  - 2:20:35 am] Error: ENOENT: no such file or directory, open '/opt/lampp/htdocs/capstone/Richworld-Giftshop/phpmailer/vendor/phpmailer/phpmailer/src/PHPMailer.php'
[Warn  - 2:20:37 am] Error: ENOENT: no such file or directory, open '/opt/lampp/htdocs/capstone/Richworld-Giftshop/phpmailer/vendor/phpmailer/phpmailer/src/PHPMailer.php'
[Warn  - 2:20:37 am] Error: ENOENT: no such file or directory, open '/opt/lampp/htdocs/capstone/Richworld-Giftshop/phpmailer/vendor/phpmailer/phpmailer/src/PHPMailer.php'
[Warn  - 2:20:39 am] Error: ENOENT: no such file or directory, open '/opt/lampp/htdocs/capstone/Richworld-Giftshop/phpmailer/vendor/phpmailer/phpmailer/src/PHPMailer.php'
[Warn  - 2:20:39 am] Error: ENOENT: no such file or directory, open '/opt/lampp/htdocs/capstone/Richworld-Giftshop/phpmailer/vendor/phpmailer/phpmailer/src/PHPMailer.php'
[Warn  - 2:20:40 am] Error: ENOENT: no such file or directory, open '/opt/lampp/htdocs/capstone/Richworld-Giftshop/phpmailer/vendor/phpmailer/phpmailer/src/PHPMailer.php'
[Warn  - 2:20:40 am] Error: ENOENT: no such file or directory, open '/opt/lampp/htdocs/capstone/Richworld-Giftshop/phpmailer/vendor/phpmailer/phpmailer/src/PHPMailer.php'
[Warn  - 2:20:40 am] Error: ENOENT: no such file or directory, open '/opt/lampp/htdocs/capstone/Richworld-Giftshop/phpmailer/vendor/phpmailer/phpmailer/src/PHPMailer.php'
[Warn  - 2:20:40 am] Error: ENOENT: no such file or directory, open '/opt/lampp/htdocs/capstone/Richworld-Giftshop/phpmailer/vendor/phpmailer/phpmailer/src/PHPMailer.php'
[Warn  - 2:20:42 am] Error: ENOENT: no such file or directory, open '/opt/lampp/htdocs/capstone/Richworld-Giftshop/phpmailer/vendor/phpmailer/phpmailer/src/PHPMailer.php'
[Warn  - 2:20:42 am] Error: ENOENT: no such file or directory, open '/opt/lampp/htdocs/capstone/Richworld-Giftshop/phpmailer/vendor/phpmailer/phpmailer/src/PHPMailer.php'
[Warn  - 2:20:47 am] Error: ENOENT: no such file or directory, open '/opt/lampp/htdocs/capstone/Richworld-Giftshop/phpmailer/vendor/phpmailer/phpmailer/src/PHPMailer.php'
[Warn  - 2:20:49 am] Error: ENOENT: no such file or directory, open '/opt/lampp/htdocs/capstone/Richworld-Giftshop/phpmailer/vendor/phpmailer/phpmailer/src/PHPMailer.php'
[Warn  - 2:20:57 am] Error: ENOENT: no such file or directory, open '/opt/lampp/htdocs/capstone/Richworld-Giftshop/phpmailer/vendor/phpmailer/phpmailer/src/PHPMailer.php'
[Warn  - 2:21:29 am] Error: ENOENT: no such file or directory, open '/opt/lampp/htdocs/capstone/Richworld-Giftshop/phpmailer/vendor/phpmailer/phpmailer/src/PHPMailer.php'
[Warn  - 2:21:29 am] Error: ENOENT: no such file or directory, open '/opt/lampp/htdocs/capstone/Richworld-Giftshop/phpmailer/vendor/phpmailer/phpmailer/src/PHPMailer.php'
[Warn  - 2:21:31 am] Error: ENOENT: no such file or directory, open '/opt/lampp/htdocs/capstone/Richworld-Giftshop/phpmailer/vendor/phpmailer/phpmailer/src/PHPMailer.php'
[Warn  - 2:21:31 am] Error: ENOENT: no such file or directory, open '/opt/lampp/htdocs/capstone/Richworld-Giftshop/phpmailer/vendor/phpmailer/phpmailer/src/PHPMailer.php'
[Warn  - 2:21:36 am] Error: ENOENT: no such file or directory, open '/opt/lampp/htdocs/capstone/Richworld-Giftshop/phpmailer/vendor/phpmailer/phpmailer/src/PHPMailer.php'
[Warn  - 2:21:36 am] Error: ENOENT: no such file or directory, open '/opt/lampp/htdocs/capstone/Richworld-Giftshop/phpmailer/vendor/phpmailer/phpmailer/src/PHPMailer.php'
[Warn  - 2:21:38 am] Error: ENOENT: no such file or directory, open '/opt/lampp/htdocs/capstone/Richworld-Giftshop/phpmailer/vendor/phpmailer/phpmailer/src/PHPMailer.php'
[Warn  - 2:21:38 am] Error: ENOENT: no such file or directory, open '/opt/lampp/htdocs/capstone/Richworld-Giftshop/phpmailer/vendor/phpmailer/phpmailer/src/PHPMailer.php'
[Warn  - 2:21:40 am] Error: ENOENT: no such file or directory, open '/opt/lampp/htdocs/capstone/Richworld-Giftshop/phpmailer/vendor/phpmailer/phpmailer/src/PHPMailer.php'
[Warn  - 2:21:40 am] Error: ENOENT: no such file or directory, open '/opt/lampp/htdocs/capstone/Richworld-Giftshop/phpmailer/vendor/phpmailer/phpmailer/src/PHPMailer.php'
[Warn  - 2:21:42 am] Error: ENOENT: no such file or directory, open '/opt/lampp/htdocs/capstone/Richworld-Giftshop/phpmailer/vendor/phpmailer/phpmailer/src/PHPMailer.php'
[Warn  - 2:21:42 am] Error: ENOENT: no such file or directory, open '/opt/lampp/htdocs/capstone/Richworld-Giftshop/phpmailer/vendor/phpmailer/phpmailer/src/PHPMailer.php'
[Warn  - 2:21:55 am] Error: ENOENT: no such file or directory, open '/opt/lampp/htdocs/capstone/Richworld-Giftshop/phpmailer/vendor/phpmailer/phpmailer/src/PHPMailer.php'
[Warn  - 2:21:55 am] Error: ENOENT: no such file or directory, open '/opt/lampp/htdocs/capstone/Richworld-Giftshop/phpmailer/vendor/phpmailer/phpmailer/src/PHPMailer.php'
[Warn  - 2:21:57 am] Error: ENOENT: no such file or directory, open '/opt/lampp/htdocs/capstone/Richworld-Giftshop/phpmailer/vendor/phpmailer/phpmailer/src/PHPMailer.php'
[Warn  - 2:21:57 am] Error: ENOENT: no such file or directory, open '/opt/lampp/htdocs/capstone/Richworld-Giftshop/phpmailer/vendor/phpmailer/phpmailer/src/PHPMailer.php'
[Warn  - 2:22:10 am] Error: ENOENT: no such file or directory, open '/opt/lampp/htdocs/capstone/Richworld-Giftshop/phpmailer/vendor/phpmailer/phpmailer/src/PHPMailer.php'
[Warn  - 2:22:10 am] Error: ENOENT: no such file or directory, open '/opt/lampp/htdocs/capstone/Richworld-Giftshop/phpmailer/vendor/phpmailer/phpmailer/src/PHPMailer.php'
[Warn  - 2:22:11 am] Error: ENOENT: no such file or directory, open '/opt/lampp/htdocs/capstone/Richworld-Giftshop/phpmailer/vendor/phpmailer/phpmailer/src/PHPMailer.php'
[Warn  - 2:22:11 am] Error: ENOENT: no such file or directory, open '/opt/lampp/htdocs/capstone/Richworld-Giftshop/phpmailer/vendor/phpmailer/phpmailer/src/PHPMailer.php'
[Warn  - 2:22:13 am] Error: ENOENT: no such file or directory, open '/opt/lampp/htdocs/capstone/Richworld-Giftshop/phpmailer/vendor/phpmailer/phpmailer/src/PHPMailer.php'
[Warn  - 2:22:13 am] Error: ENOENT: no such file or directory, open '/opt/lampp/htdocs/capstone/Richworld-Giftshop/phpmailer/vendor/phpmailer/phpmailer/src/PHPMailer.php'
[Warn  - 2:22:15 am] Error: ENOENT: no such file or directory, open '/opt/lampp/htdocs/capstone/Richworld-Giftshop/phpmailer/vendor/phpmailer/phpmailer/src/PHPMailer.php'
[Warn  - 2:22:15 am] Error: ENOENT: no such file or directory, open '/opt/lampp/htdocs/capstone/Richworld-Giftshop/phpmailer/vendor/phpmailer/phpmailer/src/PHPMailer.php'
[Warn  - 2:22:17 am] Error: ENOENT: no such file or directory, open '/opt/lampp/htdocs/capstone/Richworld-Giftshop/phpmailer/vendor/phpmailer/phpmailer/src/PHPMailer.php'
[Warn  - 2:22:17 am] Error: ENOENT: no such file or directory, open '/opt/lampp/htdocs/capstone/Richworld-Giftshop/phpmailer/vendor/phpmailer/phpmailer/src/PHPMailer.php'
[Warn  - 2:22:19 am] Error: ENOENT: no such file or directory, open '/opt/lampp/htdocs/capstone/Richworld-Giftshop/phpmailer/vendor/phpmailer/phpmailer/src/PHPMailer.php'
[Warn  - 2:22:19 am] Error: ENOENT: no such file or directory, open '/opt/lampp/htdocs/capstone/Richworld-Giftshop/phpmailer/vendor/phpmailer/phpmailer/src/PHPMailer.php'
[Warn  - 2:22:19 am] Error: ENOENT: no such file or directory, open '/opt/lampp/htdocs/capstone/Richworld-Giftshop/phpmailer/vendor/phpmailer/phpmailer/src/PHPMailer.php'
[Warn  - 2:22:19 am] Error: ENOENT: no such file or directory, open '/opt/lampp/htdocs/capstone/Richworld-Giftshop/phpmailer/vendor/phpmailer/phpmailer/src/PHPMailer.php'
[Warn  - 2:22:20 am] Error: ENOENT: no such file or directory, open '/opt/lampp/htdocs/capstone/Richworld-Giftshop/phpmailer/vendor/phpmailer/phpmailer/src/PHPMailer.php'
[Warn  - 2:22:20 am] Error: ENOENT: no such file or directory, open '/opt/lampp/htdocs/capstone/Richworld-Giftshop/phpmailer/vendor/phpmailer/phpmailer/src/PHPMailer.php'
[Warn  - 2:22:21 am] Error: ENOENT: no such file or directory, open '/opt/lampp/htdocs/capstone/Richworld-Giftshop/phpmailer/vendor/phpmailer/phpmailer/src/PHPMailer.php'
[Warn  - 2:22:21 am] Error: ENOENT: no such file or directory, open '/opt/lampp/htdocs/capstone/Richworld-Giftshop/phpmailer/vendor/phpmailer/phpmailer/src/PHPMailer.php'
[Warn  - 2:22:22 am] Error: ENOENT: no such file or directory, open '/opt/lampp/htdocs/capstone/Richworld-Giftshop/phpmailer/vendor/phpmailer/phpmailer/src/PHPMailer.php'
[Warn  - 2:22:22 am] Error: ENOENT: no such file or directory, open '/opt/lampp/htdocs/capstone/Richworld-Giftshop/phpmailer/vendor/phpmailer/phpmailer/src/PHPMailer.php'
[Warn  - 2:22:23 am] Error: ENOENT: no such file or directory, open '/opt/lampp/htdocs/capstone/Richworld-Giftshop/phpmailer/vendor/phpmailer/phpmailer/src/PHPMailer.php'
[Warn  - 2:22:23 am] Error: ENOENT: no such file or directory, open '/opt/lampp/htdocs/capstone/Richworld-Giftshop/phpmailer/vendor/phpmailer/phpmailer/src/PHPMailer.php'
[Warn  - 2:22:24 am] Error: ENOENT: no such file or directory, open '/opt/lampp/htdocs/capstone/Richworld-Giftshop/phpmailer/vendor/phpmailer/phpmailer/src/PHPMailer.php'
[Warn  - 2:22:24 am] Error: ENOENT: no such file or directory, open '/opt/lampp/htdocs/capstone/Richworld-Giftshop/phpmailer/vendor/phpmailer/phpmailer/src/PHPMailer.php'
[Warn  - 2:22:26 am] Error: ENOENT: no such file or directory, open '/opt/lampp/htdocs/capstone/Richworld-Giftshop/phpmailer/vendor/phpmailer/phpmailer/src/PHPMailer.php'
[Warn  - 2:22:26 am] Error: ENOENT: no such file or directory, open '/opt/lampp/htdocs/capstone/Richworld-Giftshop/phpmailer/vendor/phpmailer/phpmailer/src/PHPMailer.php'
[Warn  - 2:22:26 am] Error: ENOENT: no such file or directory, open '/opt/lampp/htdocs/capstone/Richworld-Giftshop/phpmailer/vendor/phpmailer/phpmailer/src/PHPMailer.php'
[Warn  - 2:22:26 am] Error: ENOENT: no such file or directory, open '/opt/lampp/htdocs/capstone/Richworld-Giftshop/phpmailer/vendor/phpmailer/phpmailer/src/PHPMailer.php'
[Warn  - 2:22:27 am] Error: ENOENT: no such file or directory, open '/opt/lampp/htdocs/capstone/Richworld-Giftshop/phpmailer/vendor/phpmailer/phpmailer/src/PHPMailer.php'
[Warn  - 2:22:27 am] Error: ENOENT: no such file or directory, open '/opt/lampp/htdocs/capstone/Richworld-Giftshop/phpmailer/vendor/phpmailer/phpmailer/src/PHPMailer.php'
[Warn  - 2:22:29 am] Error: ENOENT: no such file or directory, open '/opt/lampp/htdocs/capstone/Richworld-Giftshop/phpmailer/vendor/phpmailer/phpmailer/src/PHPMailer.php'
[Warn  - 2:22:29 am] Error: ENOENT: no such file or directory, open '/opt/lampp/htdocs/capstone/Richworld-Giftshop/phpmailer/vendor/phpmailer/phpmailer/src/PHPMailer.php'
[Warn  - 2:22:30 am] Error: ENOENT: no such file or directory, open '/opt/lampp/htdocs/capstone/Richworld-Giftshop/phpmailer/vendor/phpmailer/phpmailer/src/PHPMailer.php'
[Warn  - 2:22:30 am] Error: ENOENT: no such file or directory, open '/opt/lampp/htdocs/capstone/Richworld-Giftshop/phpmailer/vendor/phpmailer/phpmailer/src/PHPMailer.php'
[Warn  - 2:22:31 am] Error: ENOENT: no such file or directory, open '/opt/lampp/htdocs/capstone/Richworld-Giftshop/phpmailer/vendor/phpmailer/phpmailer/src/PHPMailer.php'
[Warn  - 2:22:31 am] Error: ENOENT: no such file or directory, open '/opt/lampp/htdocs/capstone/Richworld-Giftshop/phpmailer/vendor/phpmailer/phpmailer/src/PHPMailer.php'
[Warn  - 2:22:31 am] Error: ENOENT: no such file or directory, open '/opt/lampp/htdocs/capstone/Richworld-Giftshop/phpmailer/vendor/phpmailer/phpmailer/src/PHPMailer.php'
[Warn  - 2:22:31 am] Error: ENOENT: no such file or directory, open '/opt/lampp/htdocs/capstone/Richworld-Giftshop/phpmailer/vendor/phpmailer/phpmailer/src/PHPMailer.php'
[Warn  - 2:22:32 am] Error: ENOENT: no such file or directory, open '/opt/lampp/htdocs/capstone/Richworld-Giftshop/phpmailer/vendor/phpmailer/phpmailer/src/PHPMailer.php'
[Warn  - 2:22:32 am] Error: ENOENT: no such file or directory, open '/opt/lampp/htdocs/capstone/Richworld-Giftshop/phpmailer/vendor/phpmailer/phpmailer/src/PHPMailer.php'
[Warn  - 2:22:32 am] Error: ENOENT: no such file or directory, open '/opt/lampp/htdocs/capstone/Richworld-Giftshop/phpmailer/vendor/phpmailer/phpmailer/src/PHPMailer.php'
[Warn  - 2:22:32 am] Error: ENOENT: no such file or directory, open '/opt/lampp/htdocs/capstone/Richworld-Giftshop/phpmailer/vendor/phpmailer/phpmailer/src/PHPMailer.php'
[Warn  - 2:22:34 am] Error: ENOENT: no such file or directory, open '/opt/lampp/htdocs/capstone/Richworld-Giftshop/phpmailer/vendor/phpmailer/phpmailer/src/PHPMailer.php'
[Warn  - 2:22:34 am] Error: ENOENT: no such file or directory, open '/opt/lampp/htdocs/capstone/Richworld-Giftshop/phpmailer/vendor/phpmailer/phpmailer/src/PHPMailer.php'
[Warn  - 2:22:59 am] Error: ENOENT: no such file or directory, open '/opt/lampp/htdocs/capstone/Richworld-Giftshop/phpmailer/vendor/phpmailer/phpmailer/src/PHPMailer.php'
[Warn  - 2:22:59 am] Error: ENOENT: no such file or directory, open '/opt/lampp/htdocs/capstone/Richworld-Giftshop/phpmailer/vendor/phpmailer/phpmailer/src/PHPMailer.php'
[Warn  - 2:23:00 am] Error: ENOENT: no such file or directory, open '/opt/lampp/htdocs/capstone/Richworld-Giftshop/phpmailer/vendor/phpmailer/phpmailer/src/PHPMailer.php'
[Warn  - 2:23:00 am] Error: ENOENT: no such file or directory, open '/opt/lampp/htdocs/capstone/Richworld-Giftshop/phpmailer/vendor/phpmailer/phpmailer/src/PHPMailer.php'
[Warn  - 2:23:00 am] Error: ENOENT: no such file or directory, open '/opt/lampp/htdocs/capstone/Richworld-Giftshop/phpmailer/vendor/phpmailer/phpmailer/src/PHPMailer.php'
[Warn  - 2:23:00 am] Error: ENOENT: no such file or directory, open '/opt/lampp/htdocs/capstone/Richworld-Giftshop/phpmailer/vendor/phpmailer/phpmailer/src/PHPMailer.php'
[Warn  - 2:23:01 am] Error: ENOENT: no such file or directory, open '/opt/lampp/htdocs/capstone/Richworld-Giftshop/phpmailer/vendor/phpmailer/phpmailer/src/PHPMailer.php'
[Warn  - 2:23:01 am] Error: ENOENT: no such file or directory, open '/opt/lampp/htdocs/capstone/Richworld-Giftshop/phpmailer/vendor/phpmailer/phpmailer/src/PHPMailer.php'
[Warn  - 2:23:02 am] Error: ENOENT: no such file or directory, open '/opt/lampp/htdocs/capstone/Richworld-Giftshop/phpmailer/vendor/phpmailer/phpmailer/src/PHPMailer.php'
[Warn  - 2:23:02 am] Error: ENOENT: no such file or directory, open '/opt/lampp/htdocs/capstone/Richworld-Giftshop/phpmailer/vendor/phpmailer/phpmailer/src/PHPMailer.php'
[Warn  - 2:23:03 am] Error: ENOENT: no such file or directory, open '/opt/lampp/htdocs/capstone/Richworld-Giftshop/phpmailer/vendor/phpmailer/phpmailer/src/PHPMailer.php'
[Warn  - 2:23:03 am] Error: ENOENT: no such file or directory, open '/opt/lampp/htdocs/capstone/Richworld-Giftshop/phpmailer/vendor/phpmailer/phpmailer/src/PHPMailer.php'
[Warn  - 2:23:05 am] Error: ENOENT: no such file or directory, open '/opt/lampp/htdocs/capstone/Richworld-Giftshop/phpmailer/vendor/phpmailer/phpmailer/src/PHPMailer.php'
[Warn  - 2:23:05 am] Error: ENOENT: no such file or directory, open '/opt/lampp/htdocs/capstone/Richworld-Giftshop/phpmailer/vendor/phpmailer/phpmailer/src/PHPMailer.php'
[Warn  - 2:25:50 am] Error: ENOENT: no such file or directory, open '/opt/lampp/htdocs/capstone/Richworld-Giftshop/phpmailer/vendor/phpmailer/phpmailer/src/PHPMailer.php'
[Warn  - 2:25:50 am] Error: ENOENT: no such file or directory, open '/opt/lampp/htdocs/capstone/Richworld-Giftshop/phpmailer/vendor/phpmailer/phpmailer/src/PHPMailer.php'
[Warn  - 2:25:51 am] Error: ENOENT: no such file or directory, open '/opt/lampp/htdocs/capstone/Richworld-Giftshop/phpmailer/vendor/phpmailer/phpmailer/src/PHPMailer.php'
[Warn  - 2:25:51 am] Error: ENOENT: no such file or directory, open '/opt/lampp/htdocs/capstone/Richworld-Giftshop/phpmailer/vendor/phpmailer/phpmailer/src/PHPMailer.php'
[Warn  - 2:25:53 am] Error: ENOENT: no such file or directory, open '/opt/lampp/htdocs/capstone/Richworld-Giftshop/phpmailer/vendor/phpmailer/phpmailer/src/PHPMailer.php'
[Warn  - 2:25:53 am] Error: ENOENT: no such file or directory, open '/opt/lampp/htdocs/capstone/Richworld-Giftshop/phpmailer/vendor/phpmailer/phpmailer/src/PHPMailer.php'
[Warn  - 2:25:55 am] Error: ENOENT: no such file or directory, open '/opt/lampp/htdocs/capstone/Richworld-Giftshop/phpmailer/vendor/phpmailer/phpmailer/src/PHPMailer.php'
[Warn  - 2:25:55 am] Error: ENOENT: no such file or directory, open '/opt/lampp/htdocs/capstone/Richworld-Giftshop/phpmailer/vendor/phpmailer/phpmailer/src/PHPMailer.php'
[Warn  - 2:25:56 am] Error: ENOENT: no such file or directory, open '/opt/lampp/htdocs/capstone/Richworld-Giftshop/phpmailer/vendor/phpmailer/phpmailer/src/PHPMailer.php'
[Warn  - 2:25:56 am] Error: ENOENT: no such file or directory, open '/opt/lampp/htdocs/capstone/Richworld-Giftshop/phpmailer/vendor/phpmailer/phpmailer/src/PHPMailer.php'
[Warn  - 2:25:57 am] Error: ENOENT: no such file or directory, open '/opt/lampp/htdocs/capstone/Richworld-Giftshop/phpmailer/vendor/phpmailer/phpmailer/src/PHPMailer.php'
[Warn  - 2:25:57 am] Error: ENOENT: no such file or directory, open '/opt/lampp/htdocs/capstone/Richworld-Giftshop/phpmailer/vendor/phpmailer/phpmailer/src/PHPMailer.php'
[Warn  - 2:25:58 am] Error: ENOENT: no such file or directory, open '/opt/lampp/htdocs/capstone/Richworld-Giftshop/phpmailer/vendor/phpmailer/phpmailer/src/PHPMailer.php'
[Warn  - 2:25:58 am] Error: ENOENT: no such file or directory, open '/opt/lampp/htdocs/capstone/Richworld-Giftshop/phpmailer/vendor/phpmailer/phpmailer/src/PHPMailer.php'
[Warn  - 2:25:59 am] Error: ENOENT: no such file or directory, open '/opt/lampp/htdocs/capstone/Richworld-Giftshop/phpmailer/vendor/phpmailer/phpmailer/src/PHPMailer.php'
[Warn  - 2:25:59 am] Error: ENOENT: no such file or directory, open '/opt/lampp/htdocs/capstone/Richworld-Giftshop/phpmailer/vendor/phpmailer/phpmailer/src/PHPMailer.php'
[Warn  - 2:25:59 am] Error: ENOENT: no such file or directory, open '/opt/lampp/htdocs/capstone/Richworld-Giftshop/phpmailer/vendor/phpmailer/phpmailer/src/PHPMailer.php'
[Warn  - 2:25:59 am] Error: ENOENT: no such file or directory, open '/opt/lampp/htdocs/capstone/Richworld-Giftshop/phpmailer/vendor/phpmailer/phpmailer/src/PHPMailer.php'
[Warn  - 2:26:01 am] Error: ENOENT: no such file or directory, open '/opt/lampp/htdocs/capstone/Richworld-Giftshop/phpmailer/vendor/phpmailer/phpmailer/src/PHPMailer.php'
[Warn  - 2:26:01 am] Error: ENOENT: no such file or directory, open '/opt/lampp/htdocs/capstone/Richworld-Giftshop/phpmailer/vendor/phpmailer/phpmailer/src/PHPMailer.php'
[Warn  - 2:26:10 am] Error: ENOENT: no such file or directory, open '/opt/lampp/htdocs/capstone/Richworld-Giftshop/phpmailer/vendor/phpmailer/phpmailer/src/PHPMailer.php'
[Warn  - 2:26:10 am] Error: ENOENT: no such file or directory, open '/opt/lampp/htdocs/capstone/Richworld-Giftshop/phpmailer/vendor/phpmailer/phpmailer/src/PHPMailer.php'
[Warn  - 2:26:11 am] Error: ENOENT: no such file or directory, open '/opt/lampp/htdocs/capstone/Richworld-Giftshop/phpmailer/vendor/phpmailer/phpmailer/src/PHPMailer.php'
[Warn  - 2:26:11 am] Error: ENOENT: no such file or directory, open '/opt/lampp/htdocs/capstone/Richworld-Giftshop/phpmailer/vendor/phpmailer/phpmailer/src/PHPMailer.php'
[Warn  - 2:26:13 am] Error: ENOENT: no such file or directory, open '/opt/lampp/htdocs/capstone/Richworld-Giftshop/phpmailer/vendor/phpmailer/phpmailer/src/PHPMailer.php'
[Warn  - 2:26:13 am] Error: ENOENT: no such file or directory, open '/opt/lampp/htdocs/capstone/Richworld-Giftshop/phpmailer/vendor/phpmailer/phpmailer/src/PHPMailer.php'
[Warn  - 2:26:14 am] Error: ENOENT: no such file or directory, open '/opt/lampp/htdocs/capstone/Richworld-Giftshop/phpmailer/vendor/phpmailer/phpmailer/src/PHPMailer.php'
[Warn  - 2:26:14 am] Error: ENOENT: no such file or directory, open '/opt/lampp/htdocs/capstone/Richworld-Giftshop/phpmailer/vendor/phpmailer/phpmailer/src/PHPMailer.php'
[Warn  - 2:26:15 am] Error: ENOENT: no such file or directory, open '/opt/lampp/htdocs/capstone/Richworld-Giftshop/phpmailer/vendor/phpmailer/phpmailer/src/PHPMailer.php'
[Warn  - 2:26:15 am] Error: ENOENT: no such file or directory, open '/opt/lampp/htdocs/capstone/Richworld-Giftshop/phpmailer/vendor/phpmailer/phpmailer/src/PHPMailer.php'
[Warn  - 2:26:15 am] Error: ENOENT: no such file or directory, open '/opt/lampp/htdocs/capstone/Richworld-Giftshop/phpmailer/vendor/phpmailer/phpmailer/src/PHPMailer.php'
[Warn  - 2:26:15 am] Error: ENOENT: no such file or directory, open '/opt/lampp/htdocs/capstone/Richworld-Giftshop/phpmailer/vendor/phpmailer/phpmailer/src/PHPMailer.php'
[Warn  - 2:26:17 am] Error: ENOENT: no such file or directory, open '/opt/lampp/htdocs/capstone/Richworld-Giftshop/phpmailer/vendor/phpmailer/phpmailer/src/PHPMailer.php'
[Warn  - 2:26:17 am] Error: ENOENT: no such file or directory, open '/opt/lampp/htdocs/capstone/Richworld-Giftshop/phpmailer/vendor/phpmailer/phpmailer/src/PHPMailer.php'
